2025-05-26 14:12:39,994 [INFO] [root] Logging configurado. Archivo de log: logs\2025-05-26\2025-05-26_14-12-39.log
2025-05-26 14:12:39,995 [INFO] [main] Inicio del programa principal
2025-05-26 14:12:39,996 [INFO] [main] Inicio del proceso de evaluación del chatbot.
2025-05-26 14:12:40,375 [INFO] [loader] Latencia: 0.377 s
2025-05-26 14:12:40,375 [WARNING] [loader] Error 401: No autorizado.
2025-05-26 14:12:40,376 [INFO] [evaluator] Creando QAEvaluator con model_config...
2025-05-26 14:12:40,387 [INFO] [evaluator] QAEvaluator creado correctamente. Iniciando evaluación...
2025-05-26 14:12:40,389 [ERROR] [evaluator] Fallo en la evaluación o autenticación para pregunta 'cq1': (UserError) QAEvaluator: Either 'conversation' or individual inputs must be provided.
2025-05-26 14:12:40,402 [ERROR] [main] Error en la ejecución principal: 'weighted_score'
Traceback (most recent call last):
  File "C:\Users\CASTILLOEMILYGABRIEL\OneDrive - TK Elevator\Documentos\chatbot_evaluation\app\main.py", line 242, in main
    result = evaluate_combination(config)
  File "C:\Users\CASTILLOEMILYGABRIEL\OneDrive - TK Elevator\Documentos\chatbot_evaluation\app\main.py", line 125, in evaluate_combination
    config_score = evaluate_label(label, questions, config)
  File "C:\Users\CASTILLOEMILYGABRIEL\OneDrive - TK Elevator\Documentos\chatbot_evaluation\app\main.py", line 138, in evaluate_label
    label_score = evaluate_question(question, config, label)
  File "C:\Users\CASTILLOEMILYGABRIEL\OneDrive - TK Elevator\Documentos\chatbot_evaluation\app\main.py", line 188, in evaluate_question
    weighted_scores.append(score["weighted_score"])
                           ~~~~~^^^^^^^^^^^^^^^^^^
KeyError: 'weighted_score'
